<?xml version="1.0" encoding="UTF-8"?>
<!-- Generated by org.testng.reporters.JUnitReportReporter -->
<testsuite skipped="0" hostname="DESKTOP-81M737A" name="Tests.TestVendingMachineProductLoading" tests="4" failures="0" timestamp="28 Sep 2020 19:15:57 GMT" time="0.030" errors="0">
  <testcase name="testLoadProductPepsiQuantity" time="0.001" classname="Tests.TestVendingMachineProductLoading"/>
  <testcase name="testLoadProductSodaQuantity" time="0.001" classname="Tests.TestVendingMachineProductLoading"/>
  <testcase name="testRemoveProductSodaQuantity" time="0.002" classname="Tests.TestVendingMachineProductLoading"/>
  <testcase name="testLoadProductCokeQuantity" time="0.026" classname="Tests.TestVendingMachineProductLoading"/>
</testsuite> <!-- Tests.TestVendingMachineProductLoading -->
