<?xml version="1.0" encoding="UTF-8"?>
<!-- Generated by org.testng.reporters.JUnitReportReporter -->
<testsuite skipped="0" hostname="DESKTOP-81M737A" name="Tests.TestVendingMachineAdminActions" tests="4" failures="0" timestamp="29 Sep 2020 13:53:42 GMT" time="0.020" errors="0">
  <testcase name="verifyQuantityOfProductAfterRemovedProductFromInventory" time="0.003" classname="Tests.TestVendingMachineAdminActions"/>
  <testcase name="verifyPriceForAllProductsInProductList" time="0.003" classname="Tests.TestVendingMachineAdminActions"/>
  <testcase name="verifyAllValidProductsAvailableInProductsList" time="0.013" classname="Tests.TestVendingMachineAdminActions"/>
  <testcase name="verifyQuantityOfProductAfterLoadingProductIntoInventory" time="0.001" classname="Tests.TestVendingMachineAdminActions"/>
</testsuite> <!-- Tests.TestVendingMachineAdminActions -->
