<?xml version="1.0" encoding="UTF-8"?>
<!-- Generated by org.testng.reporters.JUnitReportReporter -->
<testsuite skipped="0" hostname="DESKTOP-81M737A" name="Tests.TestVendingMachineImplementation" tests="7" failures="0" timestamp="28 Sep 2020 19:09:32 GMT" time="0.007" errors="0">
  <testcase name="testInsertCoinWithValidCoins5" time="0.001" classname="Tests.TestVendingMachineImplementation"/>
  <testcase name="testCancelTransaction" time="0.000" classname="Tests.TestVendingMachineImplementation"/>
  <testcase name="testInsertCoinWithValidCoins1" time="0.002" classname="Tests.TestVendingMachineImplementation"/>
  <testcase name="testInsertCoinWithValidCoins20" time="0.000" classname="Tests.TestVendingMachineImplementation"/>
  <testcase name="testInsertCoinWithInValidCoins" time="0.002" classname="Tests.TestVendingMachineImplementation"/>
  <testcase name="testInsertCoinWithValidCoins10" time="0.001" classname="Tests.TestVendingMachineImplementation"/>
  <testcase name="testTotalAmountOfInsertedCoins" time="0.001" classname="Tests.TestVendingMachineImplementation"/>
</testsuite> <!-- Tests.TestVendingMachineImplementation -->
