<?xml version="1.0" encoding="UTF-8"?>
<!-- Generated by org.testng.reporters.JUnitReportReporter -->
<testsuite skipped="0" hostname="DESKTOP-81M737A" name="Tests.TestVendingMachineProductSelection" tests="5" failures="0" timestamp="29 Sep 2020 13:53:42 GMT" time="0.012" errors="0">
  <testcase name="verifyUserGotSelectedProductWithRemainingAmount" time="0.000" classname="Tests.TestVendingMachineProductSelection"/>
  <testcase name="verifyUserCantSelectInValidProduct" time="0.007" classname="Tests.TestVendingMachineProductSelection"/>
  <testcase name="verifyUserGotSelectedProduct" time="0.002" classname="Tests.TestVendingMachineProductSelection"/>
  <testcase name="verifyUserCantSelectItemBecauseOfInsufficientBalance" time="0.002" classname="Tests.TestVendingMachineProductSelection"/>
  <testcase name="verifyUserCanCancelTransactionAndGetRefund" time="0.001" classname="Tests.TestVendingMachineProductSelection"/>
</testsuite> <!-- Tests.TestVendingMachineProductSelection -->
