<?xml version="1.0" encoding="UTF-8"?>
<!-- Generated by org.testng.reporters.JUnitReportReporter -->
<testsuite skipped="0" hostname="DESKTOP-81M737A" name="Tests.TestVendingMachineConsumerActions" tests="8" failures="0" timestamp="29 Sep 2020 13:53:42 GMT" time="0.022" errors="0">
  <testcase name="validateMinusNumberThatShouldNotBeAccepted" time="0.003" classname="Tests.TestVendingMachineConsumerActions"/>
  <testcase name="ValidateValidCoin10" time="0.004" classname="Tests.TestVendingMachineConsumerActions"/>
  <testcase name="validateAndInsertCoinInVendingMachine" time="0.005" classname="Tests.TestVendingMachineConsumerActions"/>
  <testcase name="validateInValidCoinThatShouldNotBeAccepted" time="0.003" classname="Tests.TestVendingMachineConsumerActions"/>
  <testcase name="validateAllValidCoinsCanBeInsertedInVendingMachine" time="0.002" classname="Tests.TestVendingMachineConsumerActions"/>
  <testcase name="validateInValidCoin0ThatShouldNotBeAccepted" time="0.002" classname="Tests.TestVendingMachineConsumerActions"/>
  <testcase name="verifyTotalAmountOfInsertedCoins" time="0.001" classname="Tests.TestVendingMachineConsumerActions"/>
  <testcase name="verifyCancelTransactionFunctionality" time="0.002" classname="Tests.TestVendingMachineConsumerActions"/>
</testsuite> <!-- Tests.TestVendingMachineConsumerActions -->
